Invalid Context= "Filesystems" line for icon theme:  "/usr/share/icons/nuoveXT2/16x16/filesystems/"
Invalid Context= "Filesystems" line for icon theme:  "/usr/share/icons/nuoveXT2/22x22/filesystems/"
Invalid Context= "Filesystems" line for icon theme:  "/usr/share/icons/nuoveXT2/24x24/filesystems/"
Invalid Context= "Filesytems" line for icon theme:  "/usr/share/icons/nuoveXT2/32x32/filesystems/"
Invalid Context= "Filesystems" line for icon theme:  "/usr/share/icons/nuoveXT2/48x48/filesystems/"
Invalid Context= "Filesystems" line for icon theme:  "/usr/share/icons/nuoveXT2/64x64/filesystems/"
Invalid Context= "Filesystems" line for icon theme:  "/usr/share/icons/nuoveXT2/72x72/filesystems/"
Invalid Context= "Filesystems" line for icon theme:  "/usr/share/icons/nuoveXT2/96x96/filesystems/"
Invalid Context= "Filesystems" line for icon theme:  "/usr/share/icons/nuoveXT2/128x128/filesystems/"
Invalid Context= "Stxatus" line for icon theme:  "/usr/share/icons/nuoveXT2/128x128/status/"
Icon theme "nuoveXT-1.6" not found.
Icon theme "Tango" not found.
Icon theme "crystalsvg" not found.
VMware: No 3D enabled (0, Success).
libGL error: failed to create dri screen
libGL error: failed to load driver: vmwgfx
VMware: No 3D enabled (0, Success).
libGL error: failed to create dri screen
libGL error: failed to load driver: vmwgfx
Invalid Context= "Filesystems" line for icon theme:  "/usr/share/icons/nuoveXT2/16x16/filesystems/"
Invalid Context= "Filesystems" line for icon theme:  "/usr/share/icons/nuoveXT2/22x22/filesystems/"
Invalid Context= "Filesystems" line for icon theme:  "/usr/share/icons/nuoveXT2/24x24/filesystems/"
Invalid Context= "Filesytems" line for icon theme:  "/usr/share/icons/nuoveXT2/32x32/filesystems/"
Invalid Context= "Filesystems" line for icon theme:  "/usr/share/icons/nuoveXT2/48x48/filesystems/"
Invalid Context= "Filesystems" line for icon theme:  "/usr/share/icons/nuoveXT2/64x64/filesystems/"
Invalid Context= "Filesystems" line for icon theme:  "/usr/share/icons/nuoveXT2/72x72/filesystems/"
Invalid Context= "Filesystems" line for icon theme:  "/usr/share/icons/nuoveXT2/96x96/filesystems/"
Invalid Context= "Filesystems" line for icon theme:  "/usr/share/icons/nuoveXT2/128x128/filesystems/"
Invalid Context= "Stxatus" line for icon theme:  "/usr/share/icons/nuoveXT2/128x128/status/"
Icon theme "nuoveXT-1.6" not found.
Icon theme "Tango" not found.
Icon theme "crystalsvg" not found.
Created new window in existing browser session.
